# JRE version: OpenJDK Runtime Environment Temurin-21.0.10+7 (21.0.10+7) (build 21.0.10+7-LTS)
# Java VM: OpenJDK 64-Bit Server VM Temurin-21.0.10+7 (21.0.10+7-LTS, mixed mode, sharing, tiered, compressed oops, compressed class ptrs, g1 gc, windows-amd64)
GC Precious Log:
 CardTable entry size: 512
 Card Set container configuration: InlinePtr #cards 4 size 8 Array Of Cards #cards 32 size 80 Howl #buckets 8 coarsen threshold 7372 Howl Bitmap #cards 1024 size 144 coarsen threshold 921 Card regions per heap region 1 cards per card region 8192
 CPUs: 16 total, 16 available
 Memory: 16107M
 Large Page Support: Disabled
 NUMA Support: Disabled
 Compressed Oops: Enabled (Zero based)
 Heap Region Size: 4M
 Heap Min Capacity: 8M
 Heap Initial Capacity: 252M
 Heap Max Capacity: 8G
 Pre-touch: Disabled
 Parallel Workers: 13
 Concurrent Workers: 3
 Concurrent Refinement Workers: 13
 Periodic GC: Disabled
Heap:
 garbage-first heap   total 516096K, used 81532K [0x0000000600000000, 0x0000000800000000)
  region size 4096K, 5 young (20480K), 5 survivors (20480K)
 Metaspace       used 50063K, committed 51584K, reserved 1114112K
  class space    used 7012K, committed 7744K, reserved 1048576K
GC Heap History (20 events):
Event: 23.430 GC heap after
{Heap after GC invocations=34 (full 0):
 garbage-first heap   total 331776K, used 68256K [0x0000000600000000, 0x0000000800000000)
  region size 4096K, 3 young (12288K), 3 survivors (12288K)
 Metaspace       used 50038K, committed 51584K, reserved 1114112K
  class space    used 7012K, committed 7744K, reserved 1048576K
}
Event: 23.627 GC heap before
{Heap before GC invocations=34 (full 0):
 garbage-first heap   total 331776K, used 252576K [0x0000000600000000, 0x0000000800000000)
  region size 4096K, 48 young (196608K), 3 survivors (12288K)
 Metaspace       used 50040K, committed 51584K, reserved 1114112K
  class space    used 7012K, committed 7744K, reserved 1048576K
}
Event: 23.633 GC heap after
{Heap after GC invocations=35 (full 0):
 garbage-first heap   total 331776K, used 69340K [0x0000000600000000, 0x0000000800000000)
  region size 4096K, 3 young (12288K), 3 survivors (12288K)
 Metaspace       used 50040K, committed 51584K, reserved 1114112K
  class space    used 7012K, committed 7744K, reserved 1048576K
}
Event: 23.808 GC heap before
{Heap before GC invocations=35 (full 0):
 garbage-first heap   total 331776K, used 253660K [0x0000000600000000, 0x0000000800000000)
  region size 4096K, 48 young (196608K), 3 survivors (12288K)
 Metaspace       used 50047K, committed 51584K, reserved 1114112K
  class space    used 7012K, committed 7744K, reserved 1048576K
}
Event: 23.814 GC heap after
{Heap after GC invocations=36 (full 0):
 garbage-first heap   total 409600K, used 70043K [0x0000000600000000, 0x0000000800000000)
  region size 4096K, 4 young (16384K), 4 survivors (16384K)
 Metaspace       used 50047K, committed 51584K, reserved 1114112K
  class space    used 7012K, committed 7744K, reserved 1048576K
}
Event: 24.033 GC heap before
{Heap before GC invocations=36 (full 0):
 garbage-first heap   total 409600K, used 299419K [0x0000000600000000, 0x0000000800000000)
  region size 4096K, 60 young (245760K), 4 survivors (16384K)
 Metaspace       used 50047K, committed 51584K, reserved 1114112K
  class space    used 7012K, committed 7744K, reserved 1048576K
}
Event: 24.039 GC heap after
{Heap after GC invocations=37 (full 0):
 garbage-first heap   total 409600K, used 71656K [0x0000000600000000, 0x0000000800000000)
  region size 4096K, 4 young (16384K), 4 survivors (16384K)
 Metaspace       used 50047K, committed 51584K, reserved 1114112K
  class space    used 7012K, committed 7744K, reserved 1048576K
}
Event: 24.243 GC heap before
{Heap before GC invocations=37 (full 0):
 garbage-first heap   total 409600K, used 301032K [0x0000000600000000, 0x0000000800000000)
  region size 4096K, 60 young (245760K), 4 survivors (16384K)
 Metaspace       used 50048K, committed 51584K, reserved 1114112K
  class space    used 7012K, committed 7744K, reserved 1048576K
}
Event: 24.249 GC heap after
{Heap after GC invocations=38 (full 0):
 garbage-first heap   total 409600K, used 73502K [0x0000000600000000, 0x0000000800000000)
  region size 4096K, 4 young (16384K), 4 survivors (16384K)
 Metaspace       used 50048K, committed 51584K, reserved 1114112K
  class space    used 7012K, committed 7744K, reserved 1048576K
}
Event: 24.439 GC heap before
{Heap before GC invocations=38 (full 0):
 garbage-first heap   total 409600K, used 302878K [0x0000000600000000, 0x0000000800000000)
  region size 4096K, 60 young (245760K), 4 survivors (16384K)
 Metaspace       used 50049K, committed 51584K, reserved 1114112K
  class space    used 7012K, committed 7744K, reserved 1048576K
}
Event: 24.445 GC heap after
{Heap after GC invocations=39 (full 0):
 garbage-first heap   total 409600K, used 74253K [0x0000000600000000, 0x0000000800000000)
  region size 4096K, 4 young (16384K), 4 survivors (16384K)
 Metaspace       used 50049K, committed 51584K, reserved 1114112K
  class space    used 7012K, committed 7744K, reserved 1048576K
}
Event: 24.670 GC heap before
{Heap before GC invocations=39 (full 0):
 garbage-first heap   total 409600K, used 303629K [0x0000000600000000, 0x0000000800000000)
  region size 4096K, 60 young (245760K), 4 survivors (16384K)
 Metaspace       used 50053K, committed 51584K, reserved 1114112K
  class space    used 7012K, committed 7744K, reserved 1048576K
}
Event: 24.677 GC heap after
{Heap after GC invocations=40 (full 0):
 garbage-first heap   total 516096K, used 75948K [0x0000000600000000, 0x0000000800000000)
  region size 4096K, 4 young (16384K), 4 survivors (16384K)
 Metaspace       used 50053K, committed 51584K, reserved 1114112K
  class space    used 7012K, committed 7744K, reserved 1048576K
}
Event: 25.028 GC heap before
{Heap before GC invocations=40 (full 0):
 garbage-first heap   total 516096K, used 366764K [0x0000000600000000, 0x0000000800000000)
  region size 4096K, 75 young (307200K), 4 survivors (16384K)
 Metaspace       used 50054K, committed 51584K, reserved 1114112K
  class space    used 7012K, committed 7744K, reserved 1048576K
}
Event: 25.036 GC heap after
{Heap after GC invocations=41 (full 0):
 garbage-first heap   total 516096K, used 77720K [0x0000000600000000, 0x0000000800000000)
  region size 4096K, 5 young (20480K), 5 survivors (20480K)
 Metaspace       used 50054K, committed 51584K, reserved 1114112K
  class space    used 7012K, committed 7744K, reserved 1048576K
}
Event: 25.348 GC heap before
{Heap before GC invocations=41 (full 0):
 garbage-first heap   total 516096K, used 364440K [0x0000000600000000, 0x0000000800000000)
  region size 4096K, 75 young (307200K), 5 survivors (20480K)
 Metaspace       used 50055K, committed 51584K, reserved 1114112K
  class space    used 7012K, committed 7744K, reserved 1048576K
}
Event: 25.355 GC heap after
{Heap after GC invocations=42 (full 0):
 garbage-first heap   total 516096K, used 80746K [0x0000000600000000, 0x0000000800000000)
  region size 4096K, 5 young (20480K), 5 survivors (20480K)
 Metaspace       used 50055K, committed 51584K, reserved 1114112K
  class space    used 7012K, committed 7744K, reserved 1048576K
}
Event: 25.645 GC heap before
{Heap before GC invocations=42 (full 0):
 garbage-first heap   total 516096K, used 367466K [0x0000000600000000, 0x0000000800000000)
  region size 4096K, 75 young (307200K), 5 survivors (20480K)
 Metaspace       used 50062K, committed 51584K, reserved 1114112K
  class space    used 7012K, committed 7744K, reserved 1048576K
}
Event: 25.653 GC heap after
{Heap after GC invocations=43 (full 0):
 garbage-first heap   total 516096K, used 80647K [0x0000000600000000, 0x0000000800000000)
  region size 4096K, 5 young (20480K), 5 survivors (20480K)
 Metaspace       used 50062K, committed 51584K, reserved 1114112K
  class space    used 7012K, committed 7744K, reserved 1048576K
}
Event: 25.941 GC heap before
{Heap before GC invocations=43 (full 0):
 garbage-first heap   total 516096K, used 367367K [0x0000000600000000, 0x0000000800000000)
  region size 4096K, 75 young (307200K), 5 survivors (20480K)
 Metaspace       used 50063K, committed 51584K, reserved 1114112K
  class space    used 7012K, committed 7744K, reserved 1048576K
}

